# JRE version: 7.0_17-b02
# Java VM: Java HotSpot(TM) 64-Bit Server VM (23.7-b01 mixed mode bsd-amd64 compressed oops)
Heap
 def new generation   total 13760K, used 3007K [0x00000007f0400000, 0x00000007f12e0000, 0x00000007f3ca0000)
  eden space 12288K,  19% used [0x00000007f0400000, 0x00000007f0661e80, 0x00000007f1000000)
  from space 1472K,  38% used [0x00000007f1000000, 0x00000007f108e0c8, 0x00000007f1170000)
  to   space 1472K,   0% used [0x00000007f1170000, 0x00000007f1170000, 0x00000007f12e0000)
 tenured generation   total 44568K, used 34983K [0x00000007f3ca0000, 0x00000007f6826000, 0x00000007fae00000)
   the space 44568K,  78% used [0x00000007f3ca0000, 0x00000007f5ec9d28, 0x00000007f5ec9e00, 0x00000007f6826000)
 compacting perm gen  total 21248K, used 14795K [0x00000007fae00000, 0x00000007fc2c0000, 0x0000000800000000)
   the space 21248K,  69% used [0x00000007fae00000, 0x00000007fbc72ef0, 0x00000007fbc73000, 0x00000007fc2c0000)
GC Heap History (10 events):
Event: 8.871 GC heap before
{Heap before GC invocations=29 (full 5):
 def new generation   total 13760K, used 13229K [0x00000007f0400000, 0x00000007f12e0000, 0x00000007f3ca0000)
  eden space 12288K, 100% used [0x00000007f0400000, 0x00000007f1000000, 0x00000007f1000000)
  from space 1472K,  63% used [0x00000007f1170000, 0x00000007f125b7a8, 0x00000007f12e0000)
  to   space 1472K,   0% used [0x00000007f1000000, 0x00000007f1000000, 0x00000007f1170000)
 tenured generation   total 44568K, used 33517K [0x00000007f3ca0000, 0x00000007f6826000, 0x00000007fae00000)
   the space 44568K,  75% used [0x00000007f3ca0000, 0x00000007f5d5b448, 0x00000007f5d5b600, 0x00000007f6826000)
 compacting perm gen  total 21248K, used 14741K [0x00000007fae00000, 0x00000007fc2c0000, 0x0000000800000000)
   the space 21248K,  69% used [0x00000007fae00000, 0x00000007fbc65510, 0x00000007fbc65600, 0x00000007fc2c0000)
No shared spaces configured.
Event: 8.874 GC heap after
Heap after GC invocations=30 (full 5):
 def new generation   total 13760K, used 763K [0x00000007f0400000, 0x00000007f12e0000, 0x00000007f3ca0000)
  eden space 12288K,   0% used [0x00000007f0400000, 0x00000007f0400000, 0x00000007f1000000)
  from space 1472K,  51% used [0x00000007f1000000, 0x00000007f10bef00, 0x00000007f1170000)
  to   space 1472K,   0% used [0x00000007f1170000, 0x00000007f1170000, 0x00000007f12e0000)
 tenured generation   total 44568K, used 33996K [0x00000007f3ca0000, 0x00000007f6826000, 0x00000007fae00000)
   the space 44568K,  76% used [0x00000007f3ca0000, 0x00000007f5dd32c8, 0x00000007f5dd3400, 0x00000007f6826000)
 compacting perm gen  total 21248K, used 14741K [0x00000007fae00000, 0x00000007fc2c0000, 0x0000000800000000)
   the space 21248K,  69% used [0x00000007fae00000, 0x00000007fbc65510, 0x00000007fbc65600, 0x00000007fc2c0000)
No shared spaces configured.
}
Event: 8.908 GC heap before
{Heap before GC invocations=30 (full 5):
 def new generation   total 13760K, used 13051K [0x00000007f0400000, 0x00000007f12e0000, 0x00000007f3ca0000)
  eden space 12288K, 100% used [0x00000007f0400000, 0x00000007f1000000, 0x00000007f1000000)
  from space 1472K,  51% used [0x00000007f1000000, 0x00000007f10bef00, 0x00000007f1170000)
  to   space 1472K,   0% used [0x00000007f1170000, 0x00000007f1170000, 0x00000007f12e0000)
 tenured generation   total 44568K, used 33996K [0x00000007f3ca0000, 0x00000007f6826000, 0x00000007fae00000)
   the space 44568K,  76% used [0x00000007f3ca0000, 0x00000007f5dd32c8, 0x00000007f5dd3400, 0x00000007f6826000)
 compacting perm gen  total 21248K, used 14741K [0x00000007fae00000, 0x00000007fc2c0000, 0x0000000800000000)
   the space 21248K,  69% used [0x00000007fae00000, 0x00000007fbc65510, 0x00000007fbc65600, 0x00000007fc2c0000)
No shared spaces configured.
Event: 8.910 GC heap after
Heap after GC invocations=31 (full 5):
 def new generation   total 13760K, used 763K [0x00000007f0400000, 0x00000007f12e0000, 0x00000007f3ca0000)
  eden space 12288K,   0% used [0x00000007f0400000, 0x00000007f0400000, 0x00000007f1000000)
  from space 1472K,  51% used [0x00000007f1170000, 0x00000007f122ed08, 0x00000007f12e0000)
  to   space 1472K,   0% used [0x00000007f1000000, 0x00000007f1000000, 0x00000007f1170000)
 tenured generation   total 44568K, used 34222K [0x00000007f3ca0000, 0x00000007f6826000, 0x00000007fae00000)
   the space 44568K,  76% used [0x00000007f3ca0000, 0x00000007f5e0b948, 0x00000007f5e0ba00, 0x00000007f6826000)
 compacting perm gen  total 21248K, used 14741K [0x00000007fae00000, 0x00000007fc2c0000, 0x0000000800000000)
   the space 21248K,  69% used [0x00000007fae00000, 0x00000007fbc65510, 0x00000007fbc65600, 0x00000007fc2c0000)
No shared spaces configured.
}
Event: 8.944 GC heap before
{Heap before GC invocations=31 (full 5):
 def new generation   total 13760K, used 13051K [0x00000007f0400000, 0x00000007f12e0000, 0x00000007f3ca0000)
  eden space 12288K, 100% used [0x00000007f0400000, 0x00000007f1000000, 0x00000007f1000000)
  from space 1472K,  51% used [0x00000007f1170000, 0x00000007f122ed08, 0x00000007f12e0000)
  to   space 1472K,   0% used [0x00000007f1000000, 0x00000007f1000000, 0x00000007f1170000)
 tenured generation   total 44568K, used 34222K [0x00000007f3ca0000, 0x00000007f6826000, 0x00000007fae00000)
   the space 44568K,  76% used [0x00000007f3ca0000, 0x00000007f5e0b948, 0x00000007f5e0ba00, 0x00000007f6826000)
 compacting perm gen  total 21248K, used 14741K [0x00000007fae00000, 0x00000007fc2c0000, 0x0000000800000000)
   the space 21248K,  69% used [0x00000007fae00000, 0x00000007fbc65510, 0x00000007fbc65600, 0x00000007fc2c0000)
No shared spaces configured.
Event: 8.946 GC heap after
Heap after GC invocations=32 (full 5):
 def new generation   total 13760K, used 788K [0x00000007f0400000, 0x00000007f12e0000, 0x00000007f3ca0000)
  eden space 12288K,   0% used [0x00000007f0400000, 0x00000007f0400000, 0x00000007f1000000)
  from space 1472K,  53% used [0x00000007f1000000, 0x00000007f10c5380, 0x00000007f1170000)
  to   space 1472K,   0% used [0x00000007f1170000, 0x00000007f1170000, 0x00000007f12e0000)
 tenured generation   total 44568K, used 34436K [0x00000007f3ca0000, 0x00000007f6826000, 0x00000007fae00000)
   the space 44568K,  77% used [0x00000007f3ca0000, 0x00000007f5e411a0, 0x00000007f5e41200, 0x00000007f6826000)
 compacting perm gen  total 21248K, used 14741K [0x00000007fae00000, 0x00000007fc2c0000, 0x0000000800000000)
   the space 21248K,  69% used [0x00000007fae00000, 0x00000007fbc65510, 0x00000007fbc65600, 0x00000007fc2c0000)
No shared spaces configured.
}
Event: 8.980 GC heap before
{Heap before GC invocations=32 (full 5):
 def new generation   total 13760K, used 12838K [0x00000007f0400000, 0x00000007f12e0000, 0x00000007f3ca0000)
  eden space 12288K,  98% used [0x00000007f0400000, 0x00000007f0fc47f0, 0x00000007f1000000)
  from space 1472K,  53% used [0x00000007f1000000, 0x00000007f10c5380, 0x00000007f1170000)
  to   space 1472K,   0% used [0x00000007f1170000, 0x00000007f1170000, 0x00000007f12e0000)
 tenured generation   total 44568K, used 34436K [0x00000007f3ca0000, 0x00000007f6826000, 0x00000007fae00000)
   the space 44568K,  77% used [0x00000007f3ca0000, 0x00000007f5e411a0, 0x00000007f5e41200, 0x00000007f6826000)
 compacting perm gen  total 21248K, used 14741K [0x00000007fae00000, 0x00000007fc2c0000, 0x0000000800000000)
   the space 21248K,  69% used [0x00000007fae00000, 0x00000007fbc65510, 0x00000007fbc65600, 0x00000007fc2c0000)
No shared spaces configured.
Event: 8.982 GC heap after
Heap after GC invocations=33 (full 5):
 def new generation   total 13760K, used 834K [0x00000007f0400000, 0x00000007f12e0000, 0x00000007f3ca0000)
  eden space 12288K,   0% used [0x00000007f0400000, 0x00000007f0400000, 0x00000007f1000000)
  from space 1472K,  56% used [0x00000007f1170000, 0x00000007f1240a88, 0x00000007f12e0000)
  to   space 1472K,   0% used [0x00000007f1000000, 0x00000007f1000000, 0x00000007f1170000)
 tenured generation   total 44568K, used 34757K [0x00000007f3ca0000, 0x00000007f6826000, 0x00000007fae00000)
   the space 44568K,  77% used [0x00000007f3ca0000, 0x00000007f5e914b0, 0x00000007f5e91600, 0x00000007f6826000)
 compacting perm gen  total 21248K, used 14741K [0x00000007fae00000, 0x00000007fc2c0000, 0x0000000800000000)
   the space 21248K,  69% used [0x00000007fae00000, 0x00000007fbc65510, 0x00000007fbc65600, 0x00000007fc2c0000)
No shared spaces configured.
}
Event: 9.028 GC heap before
{Heap before GC invocations=33 (full 5):
 def new generation   total 13760K, used 13122K [0x00000007f0400000, 0x00000007f12e0000, 0x00000007f3ca0000)
  eden space 12288K, 100% used [0x00000007f0400000, 0x00000007f1000000, 0x00000007f1000000)
  from space 1472K,  56% used [0x00000007f1170000, 0x00000007f1240a88, 0x00000007f12e0000)
  to   space 1472K,   0% used [0x00000007f1000000, 0x00000007f1000000, 0x00000007f1170000)
 tenured generation   total 44568K, used 34757K [0x00000007f3ca0000, 0x00000007f6826000, 0x00000007fae00000)
   the space 44568K,  77% used [0x00000007f3ca0000, 0x00000007f5e914b0, 0x00000007f5e91600, 0x00000007f6826000)
 compacting perm gen  total 21248K, used 14769K [0x00000007fae00000, 0x00000007fc2c0000, 0x0000000800000000)
   the space 21248K,  69% used [0x00000007fae00000, 0x00000007fbc6c590, 0x00000007fbc6c600, 0x00000007fc2c0000)
No shared spaces configured.
Event: 9.031 GC heap after
Heap after GC invocations=34 (full 5):
 def new generation   total 13760K, used 568K [0x00000007f0400000, 0x00000007f12e0000, 0x00000007f3ca0000)
  eden space 12288K,   0% used [0x00000007f0400000, 0x00000007f0400000, 0x00000007f1000000)
  from space 1472K,  38% used [0x00000007f1000000, 0x00000007f108e0c8, 0x00000007f1170000)
  to   space 1472K,   0% used [0x00000007f1170000, 0x00000007f1170000, 0x00000007f12e0000)
 tenured generation   total 44568K, used 34983K [0x00000007f3ca0000, 0x00000007f6826000, 0x00000007fae00000)
   the space 44568K,  78% used [0x00000007f3ca0000, 0x00000007f5ec9d28, 0x00000007f5ec9e00, 0x00000007f6826000)
 compacting perm gen  total 21248K, used 14769K [0x00000007fae00000, 0x00000007fc2c0000, 0x0000000800000000)
   the space 21248K,  69% used [0x00000007fae00000, 0x00000007fbc6c590, 0x00000007fbc6c600, 0x00000007fc2c0000)
No shared spaces configured.
}

